info @storybook/react v6.4.0-alpha.32
info 
info => Cleaning outputDir: C:\\Users\\SNEZAN~1\\AppData\\Local\\Temp\\chromatic--5032-kYrYUAhpGaZ5
info => Loading presets
vite v2.5.1 building for production...
transforming...

warn - Tailwind is not purging unused styles because no template paths have been provided.
warn - If you have manually configured PurgeCSS outside of Tailwind or are deliberately not removing unused styles, set `purge: false` in your Tailwind config file to silence this warning.
warn - https://tailwindcss.com/docs/controlling-file-size/#removing-unused-css
Conflicting namespaces: "node_modules\@storybook\client-api\dist\esm\index.js" re-exports "combineParameters" from both "node_modules\@storybook\client-api\dist\esm\index.js" and "node_modules\@storybook\client-api\dist\esm\parameters.js" (will be ignored)
Conflicting namespaces: "node_modules\@storybook\components\dist\esm\index.js" re-exports "components" from both "node_modules\@storybook\components\dist\esm\index.js" and "node_modules\@storybook\components\dist\esm\typography\DocumentFormatting.js" (will be ignored)
Conflicting namespaces: "node_modules\@storybook\addon-docs\dist\esm\blocks\index.js" re-exports "SourceState" from both "node_modules\@storybook\addon-docs\dist\esm\blocks\Canvas.js" and "node_modules\@storybook\addon-docs\dist\esm\blocks\Source.js" (will be ignored)
Use of eval is strongly discouraged, as it poses security risks and may cause issues with minification
Use of eval is strongly discouraged, as it poses security risks and may cause issues with minification
Use of eval is strongly discouraged, as it poses security risks and may cause issues with minification
✓ 1207 modules transformed.
rendering chunks...
Sourcemap is likely to be incorrect: a plugin (storybook-vite-inject-export-order-plugin) was used to transform files, but didn't generate a sourcemap for the transformation. Consult the plugin documentation for help
Sourcemap is likely to be incorrect: a plugin (storybook-vite-inject-export-order-plugin) was used to transform files, but didn't generate a sourcemap for the transformation. Consult the plugin documentation for help
Sourcemap is likely to be incorrect: a plugin (storybook-vite-inject-export-order-plugin) was used to transform files, but didn't generate a sourcemap for the transformation. Consult the plugin documentation for help
Sourcemap is likely to be incorrect: a plugin (storybook-vite-inject-export-order-plugin) was used to transform files, but didn't generate a sourcemap for the transformation. Consult the plugin documentation for help
Sourcemap is likely to be incorrect: a plugin (storybook-vite-inject-export-order-plugin) was used to transform files, but didn't generate a sourcemap for the transformation. Consult the plugin documentation for help
Sourcemap is likely to be incorrect: a plugin (storybook-vite-inject-export-order-plugin) was used to transform files, but didn't generate a sourcemap for the transformation. Consult the plugin documentation for help
Sourcemap is likely to be incorrect: a plugin (storybook-vite-inject-export-order-plugin) was used to transform files, but didn't generate a sourcemap for the transformation. Consult the plugin documentation for help
../../../Users/SNEZAN~1/AppData/Local/Temp/chromatic--5032-kYrYUAhpGaZ5/assets/code-brackets.9ef6443e.svg           1.42 KiB
../../../Users/SNEZAN~1/AppData/Local/Temp/chromatic--5032-kYrYUAhpGaZ5/assets/colors.ac9401f3.svg                  8.31 KiB
../../../Users/SNEZAN~1/AppData/Local/Temp/chromatic--5032-kYrYUAhpGaZ5/assets/comments.f15a6837.svg                1.49 KiB
../../../Users/SNEZAN~1/AppData/Local/Temp/chromatic--5032-kYrYUAhpGaZ5/assets/direction.94a9917f.svg               1.25 KiB
../../../Users/SNEZAN~1/AppData/Local/Temp/chromatic--5032-kYrYUAhpGaZ5/assets/flow.275142c6.svg                    1.36 KiB
../../../Users/SNEZAN~1/AppData/Local/Temp/chromatic--5032-kYrYUAhpGaZ5/assets/plugin.57148314.svg                  2.12 KiB
../../../Users/SNEZAN~1/AppData/Local/Temp/chromatic--5032-kYrYUAhpGaZ5/assets/repo.fb4ece47.svg                    1.60 KiB
../../../Users/SNEZAN~1/AppData/Local/Temp/chromatic--5032-kYrYUAhpGaZ5/assets/stackalt.2ad81543.svg                2.49 KiB
../../../Users/SNEZAN~1/AppData/Local/Temp/chromatic--5032-kYrYUAhpGaZ5/iframe.html                                 4.80 KiB
../../../Users/SNEZAN~1/AppData/Local/Temp/chromatic--5032-kYrYUAhpGaZ5/assets/iframe.32fda945.css                  2431.35 KiB / brotli: skipped (large chunk)
../../../Users/SNEZAN~1/AppData/Local/Temp/chromatic--5032-kYrYUAhpGaZ5/assets/iframe.36c03e35.js                   18.32 KiB / brotli: 4.91 KiB
../../../Users/SNEZAN~1/AppData/Local/Temp/chromatic--5032-kYrYUAhpGaZ5/assets/iframe.36c03e35.js.map               25.88 KiB
../../../Users/SNEZAN~1/AppData/Local/Temp/chromatic--5032-kYrYUAhpGaZ5/assets/WithTooltip.44734509.js              37.26 KiB / brotli: 10.52 KiB
../../../Users/SNEZAN~1/AppData/Local/Temp/chromatic--5032-kYrYUAhpGaZ5/assets/WithTooltip.44734509.js.map          173.62 KiB
../../../Users/SNEZAN~1/AppData/Local/Temp/chromatic--5032-kYrYUAhpGaZ5/assets/GlobalScrollAreaStyles.c9415c54.js   10.03 KiB / brotli: 1.95 KiB
../../../Users/SNEZAN~1/AppData/Local/Temp/chromatic--5032-kYrYUAhpGaZ5/assets/GlobalScrollAreaStyles.c9415c54.js.map 19.88 KiB
../../../Users/SNEZAN~1/AppData/Local/Temp/chromatic--5032-kYrYUAhpGaZ5/assets/Color.e8c20961.js                    31.99 KiB / brotli: 10.20 KiB
../../../Users/SNEZAN~1/AppData/Local/Temp/chromatic--5032-kYrYUAhpGaZ5/assets/Color.e8c20961.js.map                115.53 KiB
../../../Users/SNEZAN~1/AppData/Local/Temp/chromatic--5032-kYrYUAhpGaZ5/assets/syntaxhighlighter.69065914.js        65.78 KiB / brotli: 21.53 KiB
../../../Users/SNEZAN~1/AppData/Local/Temp/chromatic--5032-kYrYUAhpGaZ5/assets/syntaxhighlighter.69065914.js.map    250.47 KiB
../../../Users/SNEZAN~1/AppData/Local/Temp/chromatic--5032-kYrYUAhpGaZ5/assets/OverlayScrollbars.1b436463.js        56.25 KiB / brotli: 20.81 KiB
../../../Users/SNEZAN~1/AppData/Local/Temp/chromatic--5032-kYrYUAhpGaZ5/assets/OverlayScrollbars.1b436463.js.map    484.03 KiB
../../../Users/SNEZAN~1/AppData/Local/Temp/chromatic--5032-kYrYUAhpGaZ5/assets/vendor.e1e96e9e.js                   1151.35 KiB / brotli: skipped (large chunk)
../../../Users/SNEZAN~1/AppData/Local/Temp/chromatic--5032-kYrYUAhpGaZ5/assets/vendor.e1e96e9e.js.map               3277.10 KiB

(!) Some chunks are larger than 500 KiB after minification. Consider:
- Using dynamic import() to code-split the application
- Use build.rollupOptions.output.manualChunks to improve chunking: https://rollupjs.org/guide/en/#outputmanualchunks
- Adjust chunk size limit for this warning via build.chunkSizeWarningLimit.
info => Output directory: C:\\Users\\SNEZAN~1\\AppData\\Local\\Temp\\chromatic--5032-kYrYUAhpGaZ5
